<?xml version="1.0" encoding="UTF-8"?>
<!-- Generated by org.testng.reporters.JUnitReportReporter -->
<testsuite hostname="DESKTOP-UE46FL2" failures="0" tests="9" name="CAPSTONE_PROJECT.Capstone_Project.EbayLogin" time="61.590" errors="0" timestamp="2024-06-16T17:11:45 IST" skipped="0">
  <testcase classname="CAPSTONE_PROJECT.Capstone_Project.EbayLogin" name="Addtocart" time="5.749"/>
  <system-out/>
  <testcase classname="CAPSTONE_PROJECT.Capstone_Project.EbayLogin" name="Wishlist" time="9.964"/>
  <system-out/>
  <testcase classname="CAPSTONE_PROJECT.Capstone_Project.EbayLogin" name="Search" time="10.128"/>
  <system-out/>
  <testcase classname="CAPSTONE_PROJECT.Capstone_Project.EbayLogin" name="login" time="8.632"/>
  <system-out/>
  <testcase classname="CAPSTONE_PROJECT.Capstone_Project.EbayLogin" name="Signout" time="7.778"/>
  <system-out/>
  <testcase classname="CAPSTONE_PROJECT.Capstone_Project.EbayLogin" name="setup" time="2.574"/>
  <system-out/>
  <testcase classname="CAPSTONE_PROJECT.Capstone_Project.EbayLogin" name="invoke" time="7.485"/>
  <system-out/>
  <testcase classname="CAPSTONE_PROJECT.Capstone_Project.EbayLogin" name="Category" time="9.250"/>
  <system-out/>
  <testcase classname="CAPSTONE_PROJECT.Capstone_Project.EbayLogin" name="invoke" time="0.030"/>
  <system-out/>
</testsuite> <!-- CAPSTONE_PROJECT.Capstone_Project.EbayLogin -->
