<?xml version="1.0" encoding="UTF-8"?>
<!-- Generated by org.testng.reporters.JUnitReportReporter -->
<testsuite hostname="DESKTOP-UE46FL2" failures="0" tests="1" name="BoundaryTest.BoundryTestExample" time="7.436" errors="0" timestamp="2024-06-18T15:25:49 IST" skipped="0">
  <testcase classname="BoundaryTest.BoundryTestExample" name="check" time="7.436"/>
  <system-out/>
</testsuite> <!-- BoundaryTest.BoundryTestExample -->
