<?xml version="1.0" encoding="UTF-8"?>
<!-- Generated by org.testng.reporters.JUnitReportReporter -->
<testsuite hostname="DESKTOP-Q9UUQPL" failures="0" tests="2" name="CaptsonProject.CaptsonProject.EbayLogin" time="88.656" errors="0" timestamp="2024-06-14T19:55:11 IST" skipped="0">
  <testcase classname="CaptsonProject.CaptsonProject.EbayLogin" name="login" time="80.934"/>
  <system-out/>
  <testcase classname="CaptsonProject.CaptsonProject.EbayLogin" name="invoke" time="7.722"/>
  <system-out/>
</testsuite> <!-- CaptsonProject.CaptsonProject.EbayLogin -->
