<?xml version="1.0" encoding="UTF-8"?>
<!-- Generated by org.testng.reporters.JUnitReportReporter -->
<testsuite hostname="DESKTOP-Q9UUQPL" failures="0" tests="1" name="Test.GoogleDemo" time="12.008" errors="0" timestamp="2024-06-13T22:20:19 IST" skipped="0">
  <testcase classname="Test.GoogleDemo" name="googleSearch" time="12.008"/>
  <system-out/>
</testsuite> <!-- Test.GoogleDemo -->
