<?xml version="1.0" encoding="UTF-8"?>
<!-- Generated by org.testng.reporters.JUnitReportReporter -->
<testsuite hostname="LAPTOP-IQFATUSG" failures="0" tests="2" name="CaptsonProject.CaptsonProject.EbayLogin" time="16.197" errors="0" timestamp="2024-06-15T13:20:07 IST" skipped="0">
  <testcase classname="CaptsonProject.CaptsonProject.EbayLogin" name="invoke" time="3.549"/>
  <system-out/>
  <testcase classname="CaptsonProject.CaptsonProject.EbayLogin" name="login" time="12.648"/>
  <system-out/>
</testsuite> <!-- CaptsonProject.CaptsonProject.EbayLogin -->
